Log file open, 05/26/22 00:57:42
LogPlatformFile: Not using cached read wrapper
LogICUInternationalization: ICU TimeZone Detection - Raw Offset: -6:00, Platform Override: ''
LogInit: Build: ++UE5+Release-5.0-CL-0
LogInit: Engine Version: 5.0.1-0+++UE5+Release-5.0
LogInit: Compatible Engine Version: 5.0.0-0+++UE5+Release-5.0
LogInit: Net CL: 0
LogInit: OS: Garuda Linux (5.17.9-zen1-1-zen), CPU: 11th Gen Intel(R) Core(TM) i7-11800H @ 2.30GHz, GPU: GenericGPUBrand
LogInit: Compiled (64-bit): May  8 2022 12:49:43
LogInit: Compiled with Clang: 11.0.1 
LogInit: Build Configuration: Shipping
LogInit: Branch Name: ++UE5+Release-5.0
LogInit: Command Line:  -Abslog="/home/shello/Documents/labProgramacionIII/02 - thePhilosophersStone/thePhilosophersStone/Saved/Logs/thePhilosophersStone-CRC.log" "/home/shello/Documents/labProgramacionIII/02 - thePhilosophersStone/thePhilosophersStone/Saved/Crashes/crashinfo-thePhilosophersStone-pid-334184-3C0FFECCB0384431BF7596D92034425D/"
LogInit: Base Directory: /home/shello/Programs/UnrealEngine5.0.1/Engine/Binaries/Linux/
LogInit: Allocator: Mimalloc
LogInit: Installed Engine Build: 1
LogInit: Presizing for max 100000 objects, including 0 objects not considered by GC, pre-allocating 0 bytes for permanent pool.
LogInit: Object subsystem initialized
LogConfig: Applying CVar settings from Section [ConsoleVariables] File [Engine]
[2022.05.26-06.57.42:302][  0]LogInit: Unix hardware info:
[2022.05.26-06.57.42:302][  0]LogInit:  - we are the first instance of this executable
[2022.05.26-06.57.42:302][  0]LogInit:  - this process' id (pid) is 548093, parent process' id (ppid) is 334184
[2022.05.26-06.57.42:302][  0]LogInit:  - we are not running under debugger
[2022.05.26-06.57.42:302][  0]LogInit:  - machine network name is 'stealth'
[2022.05.26-06.57.42:302][  0]LogInit:  - user name is 'shello' (shello)
[2022.05.26-06.57.42:302][  0]LogInit:  - we're logged in locally
[2022.05.26-06.57.42:302][  0]LogInit:  - we're running with rendering
[2022.05.26-06.57.42:302][  0]LogInit:  - CPU: GenuineIntel '11th Gen Intel(R) Core(TM) i7-11800H @ 2.30GHz' (signature: 0x806D1)
[2022.05.26-06.57.42:302][  0]LogInit:  - Number of physical cores available for the process: 8
[2022.05.26-06.57.42:302][  0]LogInit:  - Number of logical cores available for the process: 16
[2022.05.26-06.57.42:302][  0]LogInit:  - Cache line size: 64
[2022.05.26-06.57.42:302][  0]LogInit:  - GPU Info. Card0 PCI-id: 0x10de-0x249c NVRM version: NVIDIA UNIX x86_64 Kernel Module  515.43.04  Tue Apr 26 15:52:32 UTC 2022
[2022.05.26-06.57.42:302][  0]LogInit:  - Memory allocator used: Mimalloc
[2022.05.26-06.57.42:302][  0]LogInit:  - This binary is optimized with LTO: no, PGO: no, instrumented for PGO data collection: no
[2022.05.26-06.57.42:302][  0]LogInit:  - This is an internal build.
[2022.05.26-06.57.42:302][  0]LogCore: Skipped benchmarking clocks because the engine is running in a standalone program mode - CLOCK_MONOTONIC will be used.
[2022.05.26-06.57.42:302][  0]LogInit: Unix-specific commandline switches:
[2022.05.26-06.57.42:302][  0]LogInit:  -ansimalloc - use malloc()/free() from libc (useful for tools like valgrind and electric fence)
[2022.05.26-06.57.42:302][  0]LogInit:  -jemalloc - use jemalloc for all memory allocation
[2022.05.26-06.57.42:302][  0]LogInit:  -binnedmalloc - use binned malloc  for all memory allocation
[2022.05.26-06.57.42:302][  0]LogInit:  -filemapcachesize=NUMBER - set the size for case-sensitive file mapping cache
[2022.05.26-06.57.42:302][  0]LogInit:  -useksm - uses kernel same-page mapping (KSM) for mapped memory (OFF)
[2022.05.26-06.57.42:302][  0]LogInit:  -ksmmergeall - marks all mmap'd memory pages suitable for KSM (OFF)
[2022.05.26-06.57.42:302][  0]LogInit:  -preloadmodulesymbols - Loads the main module symbols file into memory (OFF)
[2022.05.26-06.57.42:302][  0]LogInit:  -sigdfl=SIGNAL - Allows a specific signal to be set to its default handler rather then ignoring the signal
[2022.05.26-06.57.42:302][  0]LogInit:  -crashhandlerstacksize - Allows setting crash handler stack sizes (204800)
[2022.05.26-06.57.42:302][  0]LogInit:  -noexclusivelockonwrite - disables marking files created by the engine as exclusive locked while the engine has them opened
[2022.05.26-06.57.42:302][  0]LogInit:  -httpproxy=ADDRESS:PORT - redirects HTTP requests to a proxy (only supported if compiled with libcurl)
[2022.05.26-06.57.42:302][  0]LogInit:  -reuseconn - allow libcurl to reuse HTTP connections (only matters if compiled with libcurl)
[2022.05.26-06.57.42:302][  0]LogInit:  -virtmemkb=NUMBER - sets process virtual memory (address space) limit (overrides VirtualMemoryLimitInKB value from .ini)
[2022.05.26-06.57.42:303][  0]LogInit:  - Physical RAM available (not considering process quota): 63 GB (64077 MB, 65615316 KB, 67190083584 bytes)
[2022.05.26-06.57.42:303][  0]LogInit:  - VirtualMemoryAllocator pools will grow at scale 1.4
[2022.05.26-06.57.42:303][  0]LogInit:  - MemoryRangeDecommit() will be a no-op (re-run with -vmapoolevict to change)
[2022.05.26-06.57.42:305][  0]LogUObjectArray: 388 objects as part of root set at end of initial load.
[2022.05.26-06.57.42:305][  0]LogUObjectAllocator: 79472 out of 0 bytes used by permanent object pool.
[2022.05.26-06.57.42:305][  0]LogUObjectArray: CloseDisregardForGC: 0/0 objects in disregard for GC pool
[2022.05.26-06.57.42:305][  0]LogInit: Using OS detected language (en-US).
[2022.05.26-06.57.42:305][  0]LogInit: Using OS detected locale (en-US).
[2022.05.26-06.57.42:305][  0]LogTextLocalizationManager: No specific localization for 'en-US' exists, so 'en' will be used for the language.
[2022.05.26-06.57.42:318][  0]LogInit: Using OS detected language (en-US).
[2022.05.26-06.57.42:318][  0]LogInit: Using OS detected locale (en-US).
[2022.05.26-06.57.42:318][  0]LogTextLocalizationManager: No localization for 'en-US' exists, so 'en' will be used for the language.
[2022.05.26-06.57.42:318][  0]LogTextLocalizationManager: No localization for 'en-US' exists, so 'en' will be used for the locale.
[2022.05.26-06.57.42:319][  0]LogPackageLocalizationCache: Processed 2 localized package path(s) for 1 prioritized culture(s) in 0.000036 seconds
[2022.05.26-06.57.42:319][  0]CrashReportCoreLog: CrashReportClientVersion=1.0
[2022.05.26-06.57.42:319][  0]CrashReportCoreLog: CrashReportReceiver disabled
[2022.05.26-06.57.42:319][  0]CrashReportCoreLog: DataRouterUrl: https://datarouter.ol.epicgames.com/datarouter/api/v1/public/data
[2022.05.26-06.57.42:320][  0]LogInit: Initializing SDL.
[2022.05.26-06.57.42:489][  0]LogInit: Initialized SDL 2.0.20 revision:  (compiled against 2.0.20)
[2022.05.26-06.57.42:489][  0]LogInit: Using SDL video driver 'x11'
[2022.05.26-06.57.42:492][  0]LogSlate: New Slate User Created.  User Index 0, Is Virtual User: 0
[2022.05.26-06.57.42:492][  0]LogSlate: Slate User Registered.  User Index 0, Is Virtual User: 0
[2022.05.26-06.57.42:493][  0]LogSlate: Using FreeType 2.10.0
[2022.05.26-06.57.42:493][  0]LogSlate: SlateFontServices - WITH_FREETYPE: 1, WITH_HARFBUZZ: 1
[2022.05.26-06.57.42:493][  0]LogInit: Using SDL_WINDOW_OPENGL
[2022.05.26-06.57.42:497][  0]LogInit: FSlateOpenGLContext::Initialize - creating OpenGL 2.1 context
[2022.05.26-06.57.42:556][  0]CrashReportCoreLog: Initial state = Unknown UploadState value
[2022.05.26-06.57.42:556][  0]CrashReportCoreLog: Initial state = Unknown UploadState value
[2022.05.26-06.57.42:562][  0]LogInit: FSlateOpenGLContext::Initialize - creating OpenGL 2.1 context
[2022.05.26-06.57.42:565][  0]LogSlate: Took 0.000030 seconds to synchronously load lazily loaded font '../../../Engine/Content/Slate/Fonts/Roboto-Regular.ttf' (155K)
[2022.05.26-06.57.42:565][  0]LogSlate: Took 0.000034 seconds to synchronously load lazily loaded font '../../../Engine/Content/Slate/Fonts/Roboto-Bold.ttf' (160K)
[2022.05.26-06.57.42:566][  0]LogSlate: Took 0.000031 seconds to synchronously load lazily loaded font '../../../Engine/Content/Slate/Fonts/Roboto-Italic.ttf' (157K)
[2022.05.26-06.57.51:160][  0]CrashReportCoreLog: Got 4 pending files to upload from 'crashinfo-thePhilosophersStone-pid-334184-3C0FFECCB0384431BF7596D92034425D'
[2022.05.26-06.57.51:160][  0]CrashReportCoreLog: State change from Ready to SendingFiles
[2022.05.26-06.57.51:160][  0]CrashReportCoreLog: CompressAndSendData have 4 pending files
[2022.05.26-06.57.51:160][  0]CrashReportCoreLog: CompressAndSendData compressing 4723 bytes ('/home/shello/Documents/labProgramacionIII/02 - thePhilosophersStone/thePhilosophersStone/Saved/Crashes/crashinfo-thePhilosophersStone-pid-334184-3C0FFECCB0384431BF7596D92034425D/Diagnostics.txt')
[2022.05.26-06.57.51:160][  0]CrashReportCoreLog: CompressAndSendData compressing 30019 bytes ('/home/shello/Documents/labProgramacionIII/02 - thePhilosophersStone/thePhilosophersStone/Saved/Crashes/crashinfo-thePhilosophersStone-pid-334184-3C0FFECCB0384431BF7596D92034425D/CrashContext.runtime-xml')
[2022.05.26-06.57.51:160][  0]CrashReportCoreLog: CompressAndSendData compressing 136764 bytes ('/home/shello/Documents/labProgramacionIII/02 - thePhilosophersStone/thePhilosophersStone/Saved/Crashes/crashinfo-thePhilosophersStone-pid-334184-3C0FFECCB0384431BF7596D92034425D/thePhilosophersStone.log')
[2022.05.26-06.57.51:160][  0]CrashReportCoreLog: CompressAndSendData compressing 107 bytes ('/home/shello/Documents/labProgramacionIII/02 - thePhilosophersStone/thePhilosophersStone/Saved/Crashes/crashinfo-thePhilosophersStone-pid-334184-3C0FFECCB0384431BF7596D92034425D/CrashReportClient.ini')
[2022.05.26-06.57.51:180][  0]LogInit: Using libcurl 7.65.3-DEV
[2022.05.26-06.57.51:180][  0]LogInit:  - built for x86_64-unknown-linux-gnu
[2022.05.26-06.57.51:180][  0]LogInit:  - supports SSL with OpenSSL/1.1.1c
[2022.05.26-06.57.51:180][  0]LogInit:  - supports HTTP deflate (compression) using libz 1.2.8
[2022.05.26-06.57.51:180][  0]LogInit:  - other features:
[2022.05.26-06.57.51:180][  0]LogInit:      CURL_VERSION_SSL
[2022.05.26-06.57.51:180][  0]LogInit:      CURL_VERSION_LIBZ
[2022.05.26-06.57.51:180][  0]LogInit:      CURL_VERSION_IPV6
[2022.05.26-06.57.51:180][  0]LogInit:      CURL_VERSION_ASYNCHDNS
[2022.05.26-06.57.51:180][  0]LogInit:      CURL_VERSION_LARGEFILE
[2022.05.26-06.57.51:180][  0]LogInit:      CURL_VERSION_TLSAUTH_SRP
[2022.05.26-06.57.51:180][  0]LogInit:  CurlRequestOptions (configurable via config and command line):
[2022.05.26-06.57.51:180][  0]LogInit:  - bVerifyPeer = false  - Libcurl will NOT verify peer certificate
[2022.05.26-06.57.51:180][  0]LogInit:  - bUseHttpProxy = false  - Libcurl will NOT use HTTP proxy
[2022.05.26-06.57.51:180][  0]LogInit:  - bDontReuseConnections = false  - Libcurl will reuse connections
[2022.05.26-06.57.51:180][  0]LogInit:  - MaxHostConnections = 16  - Libcurl will limit the number of connections to a host
[2022.05.26-06.57.51:180][  0]LogInit:  - LocalHostAddr = Default
[2022.05.26-06.57.51:180][  0]LogInit:  - BufferSize = 65536
[2022.05.26-06.57.51:180][  0]CrashReportCoreLog: Sending HTTP request: https://datarouter.ol.epicgames.com/datarouter/api/v1/public/data?AppID=CrashReporter&AppVersion=5.0.1-0%2B%2B%2BUE5%2BRelease-5.0&AppEnvironment=Release&UploadType=crashreports&UserID=45b71e208ec74cb1948bc01a7243cfc1-000003e8%7C%7C45b71e208ec74cb1948bc01a7243cfc1
[2022.05.26-06.57.51:561][  0]CrashReportCoreLog: OnProcessRequestComplete(), State=SendingFiles bSucceeded=1
[2022.05.26-06.57.51:561][  0]CrashReportCoreLog: State change from SendingFiles to SendingFiles
[2022.05.26-06.57.51:561][  0]CrashReportCoreLog: All uploads done
[2022.05.26-06.57.51:561][  0]CrashReportCoreLog: State change from SendingFiles to Finished
[2022.05.26-06.57.52:196][  0]LogSlate: Request Window 'UE5-thePhilosophersStone Crash Reporter' being destroyed
[2022.05.26-06.57.52:196][  0]LogSlate: Window 'UE5-thePhilosophersStone Crash Reporter' being destroyed
[2022.05.26-06.57.52:198][  0]LogCore: Engine exit requested (reason: OnRequestExit)
[2022.05.26-06.57.52:199][  0]CrashReportCoreLog: Final state (Receiver) = Finished
[2022.05.26-06.57.52:199][  0]CrashReportCoreLog: Final state (Receiver) = Unknown UploadState value
[2022.05.26-06.57.52:205][  0]LogSlate: Slate User Destroyed.  User Index 0, Is Virtual User: 0
[2022.05.26-06.57.52:205][  0]LogCore: Engine exit requested (reason: CrashReportClientApp RequestExit; note: exit was already requested)
[2022.05.26-06.57.52:205][  0]LogExit: Preparing to exit.
[2022.05.26-06.57.52:206][  0]LogExit: Object subsystem successfully closed.
[2022.05.26-06.57.52:206][  0]LogModuleManager: Shutting down and abandoning module HTTP (14)
[2022.05.26-06.57.52:206][  0]LogHttp: Warning: Cleaning up 0 outstanding Http requests.
[2022.05.26-06.57.52:221][  0]LogModuleManager: Shutting down and abandoning module SSL (13)
[2022.05.26-06.57.52:221][  0]LogModuleManager: Shutting down and abandoning module ImageWrapper (10)
[2022.05.26-06.57.52:221][  0]LogModuleManager: Shutting down and abandoning module InputCore (8)
[2022.05.26-06.57.52:221][  0]LogModuleManager: Shutting down and abandoning module CoreUObject (6)
[2022.05.26-06.57.52:221][  0]LogModuleManager: Shutting down and abandoning module PakFile (4)
[2022.05.26-06.57.52:221][  0]LogModuleManager: Shutting down and abandoning module RSA (3)
[2022.05.26-06.57.52:223][  0]LogExit: Exiting.
[2022.05.26-06.57.52:223][  0]LogInit: Tearing down SDL.
[2022.05.26-06.57.52:239][  0]Log file closed, 05/26/22 00:57:52
