Log file open, 06/13/22 16:43:15
LogPlatformFile: Not using cached read wrapper
LogICUInternationalization: ICU TimeZone Detection - Raw Offset: -6:00, Platform Override: ''
LogInit: Build: ++UE5+Release-5.0-CL-0
LogInit: Engine Version: 5.0.2-0+++UE5+Release-5.0
LogInit: Compatible Engine Version: 5.0.0-0+++UE5+Release-5.0
LogInit: Net CL: 0
LogInit: OS: Garuda Linux (5.18.3-zen1-1-zen), CPU: 11th Gen Intel(R) Core(TM) i7-11800H @ 2.30GHz, GPU: GenericGPUBrand
LogInit: Compiled (64-bit): May 30 2022 21:58:03
LogInit: Compiled with Clang: 13.0.1 
LogInit: Build Configuration: Shipping
LogInit: Branch Name: ++UE5+Release-5.0
LogInit: Command Line:  -Abslog="/home/shello/Documents/labProgramacionIII/02 - thePhilosophersStone/thePhilosophersStone/Saved/Logs/thePhilosophersStone-CRC.log" "/home/shello/Documents/labProgramacionIII/02 - thePhilosophersStone/thePhilosophersStone/Saved/Crashes/crashinfo-thePhilosophersStone-pid-19295-E5A4E59151134604B4C34A4A6786345B/"
LogInit: Base Directory: /home/shello/Programs/UnrealEngine5.0.2/Engine/Binaries/Linux/
LogInit: Allocator: Mimalloc
LogInit: Installed Engine Build: 1
LogInit: Presizing for max 100000 objects, including 0 objects not considered by GC, pre-allocating 0 bytes for permanent pool.
LogInit: Object subsystem initialized
LogConfig: Applying CVar settings from Section [ConsoleVariables] File [Engine]
[2022.06.13-22.43.15:830][  0]LogInit: Unix hardware info:
[2022.06.13-22.43.15:830][  0]LogInit:  - we are the first instance of this executable
[2022.06.13-22.43.15:830][  0]LogInit:  - this process' id (pid) is 29320, parent process' id (ppid) is 19295
[2022.06.13-22.43.15:830][  0]LogInit:  - we are not running under debugger
[2022.06.13-22.43.15:830][  0]LogInit:  - machine network name is 'stealth'
[2022.06.13-22.43.15:830][  0]LogInit:  - user name is 'shello' (shello)
[2022.06.13-22.43.15:830][  0]LogInit:  - we're logged in locally
[2022.06.13-22.43.15:830][  0]LogInit:  - we're running with rendering
[2022.06.13-22.43.15:830][  0]LogInit:  - CPU: GenuineIntel '11th Gen Intel(R) Core(TM) i7-11800H @ 2.30GHz' (signature: 0x806D1)
[2022.06.13-22.43.15:830][  0]LogInit:  - Number of physical cores available for the process: 8
[2022.06.13-22.43.15:830][  0]LogInit:  - Number of logical cores available for the process: 16
[2022.06.13-22.43.15:830][  0]LogInit:  - Cache line size: 64
[2022.06.13-22.43.15:830][  0]LogInit:  - GPU Info. Card0 PCI-id: 0x10de-0x249c NVRM version: NVIDIA UNIX x86_64 Kernel Module  515.48.07  Fri May 27 03:26:43 UTC 2022
[2022.06.13-22.43.15:830][  0]LogInit:  - Memory allocator used: Mimalloc
[2022.06.13-22.43.15:830][  0]LogInit:  - This binary is optimized with LTO: no, PGO: no, instrumented for PGO data collection: no
[2022.06.13-22.43.15:830][  0]LogInit:  - This is an internal build.
[2022.06.13-22.43.15:830][  0]LogCore: Skipped benchmarking clocks because the engine is running in a standalone program mode - CLOCK_MONOTONIC will be used.
[2022.06.13-22.43.15:830][  0]LogInit: Unix-specific commandline switches:
[2022.06.13-22.43.15:830][  0]LogInit:  -ansimalloc - use malloc()/free() from libc (useful for tools like valgrind and electric fence)
[2022.06.13-22.43.15:830][  0]LogInit:  -jemalloc - use jemalloc for all memory allocation
[2022.06.13-22.43.15:830][  0]LogInit:  -binnedmalloc - use binned malloc  for all memory allocation
[2022.06.13-22.43.15:830][  0]LogInit:  -filemapcachesize=NUMBER - set the size for case-sensitive file mapping cache
[2022.06.13-22.43.15:830][  0]LogInit:  -useksm - uses kernel same-page mapping (KSM) for mapped memory (OFF)
[2022.06.13-22.43.15:830][  0]LogInit:  -ksmmergeall - marks all mmap'd memory pages suitable for KSM (OFF)
[2022.06.13-22.43.15:830][  0]LogInit:  -preloadmodulesymbols - Loads the main module symbols file into memory (OFF)
[2022.06.13-22.43.15:830][  0]LogInit:  -sigdfl=SIGNAL - Allows a specific signal to be set to its default handler rather then ignoring the signal
[2022.06.13-22.43.15:830][  0]LogInit:  -crashhandlerstacksize - Allows setting crash handler stack sizes (204800)
[2022.06.13-22.43.15:830][  0]LogInit:  -noexclusivelockonwrite - disables marking files created by the engine as exclusive locked while the engine has them opened
[2022.06.13-22.43.15:830][  0]LogInit:  -httpproxy=ADDRESS:PORT - redirects HTTP requests to a proxy (only supported if compiled with libcurl)
[2022.06.13-22.43.15:830][  0]LogInit:  -reuseconn - allow libcurl to reuse HTTP connections (only matters if compiled with libcurl)
[2022.06.13-22.43.15:830][  0]LogInit:  -virtmemkb=NUMBER - sets process virtual memory (address space) limit (overrides VirtualMemoryLimitInKB value from .ini)
[2022.06.13-22.43.15:830][  0]LogInit:  - Physical RAM available (not considering process quota): 63 GB (64077 MB, 65615256 KB, 67190022144 bytes)
[2022.06.13-22.43.15:830][  0]LogInit:  - VirtualMemoryAllocator pools will grow at scale 1.4
[2022.06.13-22.43.15:830][  0]LogInit:  - MemoryRangeDecommit() will be a no-op (re-run with -vmapoolevict to change)
[2022.06.13-22.43.15:832][  0]LogUObjectArray: 388 objects as part of root set at end of initial load.
[2022.06.13-22.43.15:832][  0]LogUObjectAllocator: 79472 out of 0 bytes used by permanent object pool.
[2022.06.13-22.43.15:832][  0]LogUObjectArray: CloseDisregardForGC: 0/0 objects in disregard for GC pool
[2022.06.13-22.43.15:832][  0]LogInit: Using OS detected language (en-US).
[2022.06.13-22.43.15:832][  0]LogInit: Using OS detected locale (en-US).
[2022.06.13-22.43.15:832][  0]LogTextLocalizationManager: No specific localization for 'en-US' exists, so 'en' will be used for the language.
[2022.06.13-22.43.15:845][  0]LogInit: Using OS detected language (en-US).
[2022.06.13-22.43.15:845][  0]LogInit: Using OS detected locale (en-US).
[2022.06.13-22.43.15:845][  0]LogTextLocalizationManager: No localization for 'en-US' exists, so 'en' will be used for the language.
[2022.06.13-22.43.15:845][  0]LogTextLocalizationManager: No localization for 'en-US' exists, so 'en' will be used for the locale.
[2022.06.13-22.43.15:845][  0]LogPackageLocalizationCache: Processed 2 localized package path(s) for 1 prioritized culture(s) in 0.000031 seconds
[2022.06.13-22.43.15:845][  0]CrashReportCoreLog: CrashReportClientVersion=1.0
[2022.06.13-22.43.15:845][  0]CrashReportCoreLog: CrashReportReceiver disabled
[2022.06.13-22.43.15:845][  0]CrashReportCoreLog: DataRouterUrl: https://datarouter.ol.epicgames.com/datarouter/api/v1/public/data
[2022.06.13-22.43.15:846][  0]LogInit: Initializing SDL.
[2022.06.13-22.43.16:031][  0]LogInit: Initialized SDL 2.0.20 revision:  (compiled against 2.0.20)
[2022.06.13-22.43.16:031][  0]LogInit: Using SDL video driver 'x11'
[2022.06.13-22.43.16:033][  0]LogSlate: New Slate User Created.  User Index 0, Is Virtual User: 0
[2022.06.13-22.43.16:033][  0]LogSlate: Slate User Registered.  User Index 0, Is Virtual User: 0
[2022.06.13-22.43.16:033][  0]LogSlate: Using FreeType 2.10.0
[2022.06.13-22.43.16:033][  0]LogSlate: SlateFontServices - WITH_FREETYPE: 1, WITH_HARFBUZZ: 1
[2022.06.13-22.43.16:033][  0]LogInit: Using SDL_WINDOW_OPENGL
[2022.06.13-22.43.16:037][  0]LogInit: FSlateOpenGLContext::Initialize - creating OpenGL 2.1 context
[2022.06.13-22.43.16:144][  0]CrashReportCoreLog: Initial state = Unknown UploadState value
[2022.06.13-22.43.16:144][  0]CrashReportCoreLog: Initial state = Unknown UploadState value
[2022.06.13-22.43.16:152][  0]LogInit: FSlateOpenGLContext::Initialize - creating OpenGL 2.1 context
[2022.06.13-22.43.16:155][  0]LogSlate: Took 0.000039 seconds to synchronously load lazily loaded font '../../../Engine/Content/Slate/Fonts/Roboto-Regular.ttf' (155K)
[2022.06.13-22.43.16:155][  0]LogSlate: Took 0.000032 seconds to synchronously load lazily loaded font '../../../Engine/Content/Slate/Fonts/Roboto-Bold.ttf' (160K)
[2022.06.13-22.43.16:157][  0]LogSlate: Took 0.000046 seconds to synchronously load lazily loaded font '../../../Engine/Content/Slate/Fonts/Roboto-Italic.ttf' (157K)
[2022.06.13-22.43.25:679][  0]LogSlate: Request Window 'UE5-thePhilosophersStone Crash Reporter' being destroyed
[2022.06.13-22.43.25:679][  0]LogSlate: Window 'UE5-thePhilosophersStone Crash Reporter' being destroyed
[2022.06.13-22.43.25:680][  0]LogCore: Engine exit requested (reason: OnRequestExit)
[2022.06.13-22.43.25:681][  0]CrashReportCoreLog: Final state (Receiver) = Ready
[2022.06.13-22.43.25:681][  0]CrashReportCoreLog: Final state (Receiver) = Unknown UploadState value
[2022.06.13-22.43.25:683][  0]LogSlate: Slate User Destroyed.  User Index 0, Is Virtual User: 0
[2022.06.13-22.43.25:683][  0]LogCore: Engine exit requested (reason: CrashReportClientApp RequestExit; note: exit was already requested)
[2022.06.13-22.43.25:683][  0]LogExit: Preparing to exit.
[2022.06.13-22.43.25:684][  0]LogExit: Object subsystem successfully closed.
[2022.06.13-22.43.25:684][  0]LogModuleManager: Shutting down and abandoning module ImageWrapper (10)
[2022.06.13-22.43.25:684][  0]LogModuleManager: Shutting down and abandoning module InputCore (8)
[2022.06.13-22.43.25:684][  0]LogModuleManager: Shutting down and abandoning module CoreUObject (6)
[2022.06.13-22.43.25:684][  0]LogModuleManager: Shutting down and abandoning module PakFile (4)
[2022.06.13-22.43.25:684][  0]LogModuleManager: Shutting down and abandoning module RSA (3)
[2022.06.13-22.43.25:685][  0]LogExit: Exiting.
[2022.06.13-22.43.25:685][  0]LogInit: Tearing down SDL.
[2022.06.13-22.43.25:697][  0]Log file closed, 06/13/22 16:43:25
